2026-06-11 15:24:45,167 | INFO | CREATE USER | 201
2026-06-11 15:24:45,576 | INFO | LOGIN | 200
2026-06-11 15:24:45,779 | INFO | CREATE USER | 201
2026-06-11 15:24:46,194 | INFO | VERIFY USER 182 | 404
2026-06-11 15:24:46,364 | INFO | UPDATE USER 182 | 200
2026-06-11 15:24:46,595 | INFO | DELETE USER 182 | 204
2026-06-11 15:24:47,008 | INFO | LOGIN | 200
2026-06-11 15:24:47,221 | INFO | CREATE USER | 201
2026-06-11 15:24:47,620 | INFO | VERIFY USER 660 | 404
2026-06-11 15:24:47,783 | INFO | UPDATE USER 660 | 200
2026-06-11 15:24:48,030 | INFO | DELETE USER 660 | 204
2026-06-11 15:24:48,448 | INFO | LOGIN | 200
2026-06-11 15:24:48,647 | INFO | CREATE USER | 201
2026-06-11 15:24:49,055 | INFO | VERIFY USER 172 | 404
2026-06-11 15:24:49,263 | INFO | UPDATE USER 172 | 200
2026-06-11 15:24:49,482 | INFO | DELETE USER 172 | 204
2026-06-11 16:54:31,361 | INFO | CREATE USER | 201
2026-06-11 16:54:31,577 | INFO | LOGIN | 200
2026-06-11 16:54:31,769 | INFO | CREATE USER | 201
2026-06-11 16:54:32,071 | INFO | VERIFY USER 987 | 404
2026-06-11 16:54:32,392 | INFO | UPDATE USER 987 | 200
2026-06-11 16:54:32,589 | INFO | DELETE USER 987 | 204
2026-06-11 16:54:32,813 | INFO | LOGIN | 200
2026-06-11 16:54:32,997 | INFO | CREATE USER | 201
2026-06-11 16:54:33,280 | INFO | VERIFY USER 350 | 404
2026-06-11 16:54:33,615 | INFO | UPDATE USER 350 | 200
2026-06-11 16:54:33,819 | INFO | DELETE USER 350 | 204
2026-06-11 16:54:34,038 | INFO | LOGIN | 200
2026-06-11 16:54:34,192 | INFO | CREATE USER | 201
2026-06-11 16:54:34,639 | INFO | VERIFY USER 549 | 404
2026-06-11 16:54:34,849 | INFO | UPDATE USER 549 | 200
2026-06-11 16:54:35,052 | INFO | DELETE USER 549 | 204
2026-06-12 10:55:08,845 | INFO | LOGIN | 200
2026-06-12 10:58:10,296 | INFO | LOGIN | 401
2026-06-12 10:58:18,488 | INFO | LOGIN | 401
2026-06-12 11:04:18,755 | INFO | LOGIN | 401
2026-06-12 11:04:25,297 | INFO | LOGIN | 401
2026-06-12 11:10:11,144 | INFO | LOGIN | 200
2026-06-12 11:10:11,421 | INFO | CREATE USER | 201
2026-06-12 11:10:12,550 | INFO | CREATE USER | 201
2026-06-12 11:10:13,170 | INFO | GET USER 491 | 404
2026-06-12 11:10:13,476 | INFO | UPDATE USER | 200
2026-06-12 11:10:13,749 | INFO | DELETE USER | 204
2026-06-12 11:10:14,186 | INFO | CREATE USER | 201
2026-06-12 11:10:14,480 | INFO | GET USER 994 | 404
2026-06-12 11:10:14,800 | INFO | UPDATE USER | 200
2026-06-12 11:10:15,118 | INFO | DELETE USER | 204
2026-06-12 11:10:16,645 | INFO | CREATE USER | 201
2026-06-12 11:10:17,055 | INFO | GET USER 373 | 404
2026-06-12 11:10:18,282 | INFO | UPDATE USER | 200
2026-06-12 11:10:18,692 | INFO | DELETE USER | 204
2026-06-12 11:10:25,323 | INFO | LOGIN | 200
2026-06-12 11:10:25,659 | INFO | CREATE USER | 201
2026-06-12 11:10:26,006 | INFO | CREATE USER | 201
2026-06-12 11:10:27,499 | INFO | GET USER 960 | 404
2026-06-12 11:10:28,116 | INFO | UPDATE USER | 200
2026-06-12 11:10:28,523 | INFO | DELETE USER | 204
2026-06-12 11:10:28,936 | INFO | CREATE USER | 201
2026-06-12 11:10:29,755 | INFO | GET USER 308 | 404
2026-06-12 11:10:30,983 | INFO | UPDATE USER | 200
2026-06-12 11:10:31,261 | INFO | DELETE USER | 204
2026-06-12 11:10:31,540 | INFO | CREATE USER | 201
2026-06-12 11:10:32,220 | INFO | GET USER 459 | 404
2026-06-12 11:10:32,621 | INFO | UPDATE USER | 200
2026-06-12 11:10:33,030 | INFO | DELETE USER | 204
2026-06-12 11:25:14,242 | INFO | LOGIN | 200
2026-06-12 11:25:14,593 | INFO | CREATE USER | 201
2026-06-12 11:25:14,908 | INFO | CREATE USER | 201
2026-06-12 11:25:15,523 | INFO | GET USER 251 | 404
2026-06-12 11:25:15,523 | INFO | VERIFY USER 251 | 404
2026-06-12 11:25:15,928 | INFO | UPDATE USER | 200
2026-06-12 11:25:16,339 | INFO | DELETE USER | 204
2026-06-12 11:25:16,751 | INFO | CREATE USER | 201
2026-06-12 11:25:17,216 | INFO | GET USER 865 | 404
2026-06-12 11:25:17,216 | INFO | VERIFY USER 865 | 404
2026-06-12 11:25:17,480 | INFO | UPDATE USER | 200
2026-06-12 11:25:18,388 | INFO | DELETE USER | 204
2026-06-12 11:25:18,811 | INFO | CREATE USER | 201
2026-06-12 11:25:19,414 | INFO | GET USER 451 | 404
2026-06-12 11:25:19,414 | INFO | VERIFY USER 451 | 404
2026-06-12 11:25:19,822 | INFO | UPDATE USER | 200
2026-06-12 11:25:20,203 | INFO | DELETE USER | 204
2026-06-12 14:18:52,957 | INFO | LOGIN | 200
2026-06-12 14:18:53,221 | INFO | CREATE USER | 201
2026-06-12 14:18:53,497 | INFO | CREATE USER | 201
2026-06-12 14:18:53,954 | INFO | GET USER 831 | 404
2026-06-12 14:18:53,954 | INFO | VERIFY USER 831 | 404
2026-06-12 14:18:54,452 | INFO | UPDATE USER | 200
2026-06-12 14:18:54,936 | INFO | DELETE USER | 204
2026-06-12 14:18:55,835 | INFO | CREATE USER | 201
2026-06-12 14:18:56,935 | INFO | GET USER 688 | 404
2026-06-12 14:18:56,936 | INFO | VERIFY USER 688 | 404
2026-06-12 14:18:57,181 | INFO | UPDATE USER | 200
2026-06-12 14:18:57,449 | INFO | DELETE USER | 204
2026-06-12 14:18:57,736 | INFO | CREATE USER | 201
2026-06-12 14:18:59,256 | INFO | GET USER 217 | 404
2026-06-12 14:18:59,256 | INFO | VERIFY USER 217 | 404
2026-06-12 14:19:00,459 | INFO | UPDATE USER | 200
2026-06-12 14:19:00,934 | INFO | DELETE USER | 204
2026-06-12 14:50:27,501 | INFO | LOGIN | 200
2026-06-12 14:50:27,754 | INFO | CREATE USER | 201
2026-06-12 14:50:28,171 | INFO | CREATE USER | 201
2026-06-12 14:50:29,190 | INFO | GET USER 862 | 404
2026-06-12 14:50:29,190 | INFO | VERIFY USER 862 | 404
2026-06-12 14:50:29,457 | INFO | UPDATE USER | 200
2026-06-12 14:50:29,810 | INFO | DELETE USER | 204
2026-06-12 14:50:30,076 | INFO | CREATE USER | 201
2026-06-12 14:50:30,540 | INFO | GET USER 844 | 404
2026-06-12 14:50:30,541 | INFO | VERIFY USER 844 | 404
2026-06-12 14:50:30,832 | INFO | UPDATE USER | 200
2026-06-12 14:50:31,077 | INFO | DELETE USER | 204
2026-06-12 14:50:31,341 | INFO | CREATE USER | 201
2026-06-12 14:50:32,916 | INFO | GET USER 438 | 404
2026-06-12 14:50:32,916 | INFO | VERIFY USER 438 | 404
2026-06-12 14:50:34,317 | INFO | UPDATE USER | 200
2026-06-12 14:50:34,725 | INFO | DELETE USER | 204
2026-06-12 15:43:13,702 | INFO | LOGIN | 200
2026-06-12 16:17:29,708 | INFO | LOGIN | 200
2026-06-12 16:17:29,947 | INFO | CREATE USER | 201
2026-06-12 16:17:30,313 | INFO | CREATE USER | 201
2026-06-12 16:17:30,785 | INFO | GET USER 920 | 404
2026-06-12 16:17:30,785 | INFO | VERIFY USER 920 | 404
2026-06-12 16:17:31,133 | INFO | UPDATE USER | 200
2026-06-12 16:17:31,373 | INFO | DELETE USER | 204
2026-06-12 16:17:31,746 | INFO | CREATE USER | 201
2026-06-12 16:17:34,412 | INFO | GET USER 347 | 404
2026-06-12 16:17:34,412 | INFO | VERIFY USER 347 | 404
2026-06-12 16:17:34,816 | INFO | UPDATE USER | 200
2026-06-12 16:17:35,636 | INFO | DELETE USER | 204
2026-06-12 16:17:36,046 | INFO | CREATE USER | 201
2026-06-12 16:17:36,662 | INFO | GET USER 410 | 404
2026-06-12 16:17:36,662 | INFO | VERIFY USER 410 | 404
2026-06-12 16:17:37,543 | INFO | UPDATE USER | 200
2026-06-12 16:17:37,889 | INFO | DELETE USER | 204
2026-06-15 09:46:56,630 | INFO | LOGIN | 200
2026-06-15 09:46:56,826 | INFO | CREATE USER | 201
2026-06-15 09:50:53,202 | INFO | LOGIN | 200
2026-06-15 09:50:53,480 | INFO | CREATE USER | 201
2026-06-15 09:50:54,035 | INFO | GET USER 2 | 200
2026-06-15 10:08:35,478 | INFO | LOGIN | 200
2026-06-15 10:08:35,740 | INFO | CREATE USER | 201
2026-06-15 10:11:57,077 | INFO | LOGIN | 200
2026-06-15 10:11:57,330 | INFO | CREATE USER | 201
2026-06-15 10:11:57,587 | INFO | CREATE USER | 201
2026-06-15 10:11:59,755 | INFO | GET USER 962 | 404
2026-06-15 10:11:59,755 | INFO | VERIFY USER 962 | 404
2026-06-15 10:12:00,015 | INFO | UPDATE USER | 200
2026-06-15 10:12:00,284 | INFO | DELETE USER | 204
2026-06-15 10:12:00,545 | INFO | CREATE USER | 201
2026-06-15 10:12:00,929 | INFO | GET USER 241 | 404
2026-06-15 10:12:00,929 | INFO | VERIFY USER 241 | 404
2026-06-15 10:12:01,137 | INFO | UPDATE USER | 200
2026-06-15 10:12:01,404 | INFO | DELETE USER | 204
2026-06-15 10:12:01,669 | INFO | CREATE USER | 201
2026-06-15 10:12:02,155 | INFO | GET USER 887 | 404
2026-06-15 10:12:02,155 | INFO | VERIFY USER 887 | 404
2026-06-15 10:12:02,424 | INFO | UPDATE USER | 200
2026-06-15 10:12:02,702 | INFO | DELETE USER | 204
2026-06-15 10:12:02,957 | INFO | CREATE USER | 201
2026-06-15 10:12:03,395 | INFO | GET USER 2 | 200
2026-06-15 10:19:23,994 | INFO | LOGIN | 200
2026-06-15 10:19:24,249 | INFO | CREATE USER | 201
2026-06-15 10:30:06,612 | INFO | LOGIN | 200
2026-06-15 10:30:06,894 | INFO | CREATE USER | 201
2026-06-15 10:33:17,575 | INFO | LOGIN | 200
2026-06-15 10:33:17,859 | INFO | CREATE USER | 201
2026-06-15 10:33:37,719 | INFO | LOGIN | 200
2026-06-15 10:33:38,973 | INFO | CREATE USER | 201
2026-06-15 10:33:56,118 | INFO | LOGIN | 200
2026-06-15 10:33:56,417 | INFO | CREATE USER | 201
2026-06-15 10:33:56,712 | INFO | CREATE USER | 201
2026-06-15 10:33:57,011 | INFO | CREATE USER | 201
2026-06-15 10:33:57,615 | INFO | GET USER 503 | 404
2026-06-15 10:33:57,615 | INFO | VERIFY USER 503 | 404
2026-06-15 10:33:57,894 | INFO | UPDATE USER | 200
2026-06-15 10:33:58,195 | INFO | DELETE USER | 204
2026-06-15 10:33:58,496 | INFO | CREATE USER | 201
2026-06-15 10:33:58,779 | INFO | GET USER 580 | 404
2026-06-15 10:33:58,780 | INFO | VERIFY USER 580 | 404
2026-06-15 10:33:59,082 | INFO | UPDATE USER | 200
2026-06-15 10:33:59,369 | INFO | DELETE USER | 204
2026-06-15 10:33:59,656 | INFO | CREATE USER | 201
2026-06-15 10:34:00,260 | INFO | GET USER 672 | 404
2026-06-15 10:34:00,261 | INFO | VERIFY USER 672 | 404
2026-06-15 10:34:00,548 | INFO | UPDATE USER | 200
2026-06-15 10:34:00,832 | INFO | DELETE USER | 204
2026-06-15 10:34:01,127 | INFO | CREATE USER | 201
2026-06-15 10:34:02,364 | INFO | GET USER 2 | 200
2026-06-15 10:56:32,864 | INFO | LOGIN | 200
2026-06-15 10:56:33,156 | INFO | CREATE USER | 201
2026-06-15 10:56:34,237 | INFO | CREATE USER | 201
2026-06-15 10:56:34,541 | INFO | CREATE USER | 201
2026-06-15 10:56:34,833 | INFO | GET USER 358 | 404
2026-06-15 10:56:34,833 | INFO | VERIFY USER 358 | 404
2026-06-15 10:56:35,116 | INFO | UPDATE USER | 200
2026-06-15 10:56:35,399 | INFO | DELETE USER | 204
2026-06-15 10:56:35,688 | INFO | CREATE USER | 201
2026-06-15 10:56:36,227 | INFO | GET USER 111 | 404
2026-06-15 10:56:36,227 | INFO | VERIFY USER 111 | 404
2026-06-15 10:56:36,512 | INFO | UPDATE USER | 200
2026-06-15 10:56:36,798 | INFO | DELETE USER | 204
2026-06-15 10:56:37,077 | INFO | CREATE USER | 201
2026-06-15 10:56:37,600 | INFO | GET USER 641 | 404
2026-06-15 10:56:37,600 | INFO | VERIFY USER 641 | 404
2026-06-15 10:56:39,023 | INFO | UPDATE USER | 200
2026-06-15 10:56:39,317 | INFO | DELETE USER | 204
2026-06-15 10:56:39,619 | INFO | CREATE USER | 201
2026-06-15 10:56:40,145 | INFO | GET USER 2 | 200
2026-06-15 11:01:42,324 | INFO | LOGIN | 200
2026-06-15 11:01:42,650 | INFO | CREATE USER | 201
2026-06-15 11:01:53,797 | INFO | LOGIN | 200
2026-06-15 11:01:54,082 | INFO | CREATE USER | 201
2026-06-15 11:01:54,391 | INFO | GET USER 581 | 404
2026-06-15 11:01:54,391 | INFO | VERIFY USER 581 | 404
2026-06-15 11:01:55,592 | INFO | UPDATE USER | 200
2026-06-15 11:01:55,862 | INFO | DELETE USER | 204
2026-06-15 11:01:56,142 | INFO | CREATE USER | 201
2026-06-15 11:01:56,776 | INFO | GET USER 404 | 404
2026-06-15 11:01:56,777 | INFO | VERIFY USER 404 | 404
2026-06-15 11:01:58,093 | INFO | UPDATE USER | 200
2026-06-15 11:01:58,393 | INFO | DELETE USER | 204
2026-06-15 11:01:58,702 | INFO | CREATE USER | 201
2026-06-15 11:01:58,986 | INFO | GET USER 891 | 404
2026-06-15 11:01:58,986 | INFO | VERIFY USER 891 | 404
2026-06-15 11:01:59,260 | INFO | UPDATE USER | 200
2026-06-15 11:01:59,549 | INFO | DELETE USER | 204
2026-06-15 11:01:59,837 | INFO | CREATE USER | 201
2026-06-15 11:02:00,337 | INFO | GET USER 2 | 200
2026-06-15 11:02:10,311 | INFO | LOGIN | 200
2026-06-15 11:02:10,584 | INFO | CREATE USER | 201
2026-06-15 11:02:21,726 | INFO | LOGIN | 200
2026-06-15 11:02:22,009 | INFO | CREATE USER | 201
2026-06-15 11:02:22,284 | INFO | CREATE USER | 201
2026-06-15 11:02:22,841 | INFO | GET USER 870 | 404
2026-06-15 11:02:22,841 | INFO | VERIFY USER 870 | 404
2026-06-15 11:02:23,111 | INFO | UPDATE USER | 200
2026-06-15 11:02:23,389 | INFO | DELETE USER | 204
2026-06-15 11:02:23,666 | INFO | CREATE USER | 201
2026-06-15 11:02:24,176 | INFO | GET USER 31 | 404
2026-06-15 11:02:24,176 | INFO | VERIFY USER 31 | 404
2026-06-15 11:02:24,472 | INFO | UPDATE USER | 200
2026-06-15 11:02:24,741 | INFO | DELETE USER | 204
2026-06-15 11:02:25,154 | INFO | CREATE USER | 201
2026-06-15 11:02:25,849 | INFO | GET USER 113 | 404
2026-06-15 11:02:25,849 | INFO | VERIFY USER 113 | 404
2026-06-15 11:02:26,110 | INFO | UPDATE USER | 200
2026-06-15 11:02:26,377 | INFO | DELETE USER | 204
2026-06-15 11:02:26,651 | INFO | CREATE USER | 201
2026-06-15 11:02:26,918 | INFO | GET USER 2 | 200
